enter.
"./Number Theory"
enter./Number Theory
    "./Number Theory/basic.cpp"
    "./Number Theory/Factor.cpp"
    "./Number Theory/eulerphi.cpp"
    "./Number Theory/Gauss_Elimination.cpp"
    "./Number Theory/random.cpp"
    "./Number Theory/find_real_root.cpp"
    "./Number Theory/FFT.cpp"
    "./Number Theory/formula"
    "./Number Theory/bit_set.cpp"
    "./Number Theory/NTT.cpp"
    "./Number Theory/外星模運算.cpp"
    "./Number Theory/enumerate.cpp"
"./.run_test.sh"
"./Flow"
enter./Flow
    "./Flow/SAP.cpp"
    "./Flow/KM.cpp"
    "./Flow/dinic.cpp"
"./Data Structure"
enter./Data Structure
    "./Data Structure/Dynemic KD tree erase.cpp"
    "./Data Structure/Dynemic KD tree.cpp"
    "./Data Structure/split_merge.cpp"
    "./Data Structure/skew_heap.cpp"
    "./Data Structure/treap.cpp"
"./.travis.yml"
"./a.out"
"./Tree problem"
enter./Tree problem
    "./Tree problem/HeaveLight.cpp"
    "./Tree problem/link cut tree.cpp"
"./Computational Geometry"
enter./Computational Geometry
    "./Computational Geometry/Geometry.cpp"
    "./Computational Geometry/SmallestCircle.cpp"
    "./Computational Geometry/最近點對.cpp"
"./.MergeCodeBook.cpp"
"./CodeBook.md"
"./Graph"
enter./Graph
    "./Graph/一般圖最大權匹配.cpp"
    "./Graph/Arborescence_EV.cpp"
"./test.o"
"./.build_test.sh"
"./String"
enter./String
    "./String/hash.cpp"
    "./String/manacher.cpp"
    "./String/suffix array lcp.cpp"
    "./String/AC自動機.cpp"
    "./String/KMP.cpp"
    "./String/Z.cpp"
"./Tarjan"
enter./Tarjan
    "./Tarjan/橋連通分量.cpp"
    "./Tarjan/雙連通分量&割點.cpp"
"./.gitignore"
"./README.md"
